<?xml version="1.0" encoding="UTF-8"?>
<testsuite name="tarea3pds.AppTest" tests="4" skipped="0" failures="0" errors="0" timestamp="2022-12-15T02:19:29" hostname="GAMERSATION" time="0.003">
  <properties/>
  <testcase name="BibliotecaNoVacia" classname="tarea3pds.AppTest" time="0.003"/>
  <testcase name="cambioEstado" classname="tarea3pds.AppTest" time="0.0"/>
  <testcase name="getPaginasTest" classname="tarea3pds.AppTest" time="0.0"/>
  <testcase name="getTituloTest" classname="tarea3pds.AppTest" time="0.0"/>
  <system-out><![CDATA[]]></system-out>
  <system-err><![CDATA[]]></system-err>
</testsuite>
